# JRE version: OpenJDK Runtime Environment (17.0.7) (build 17.0.7+0-b2043.56-10550314)
# Java VM: OpenJDK 64-Bit Server VM (17.0.7+0-b2043.56-10550314, mixed mode, tiered, compressed oops, compressed class ptrs, g1 gc, windows-amd64)
GC Precious Log:
 CPUs: 8 total, 8 available
 Memory: 7886M
 Large Page Support: Disabled
 NUMA Support: Disabled
 Compressed Oops: Enabled (32-bit)
 Heap Region Size: 1M
 Heap Min Capacity: 8M
 Heap Initial Capacity: 124M
 Heap Max Capacity: 2G
 Pre-touch: Disabled
 Parallel Workers: 8
 Concurrent Workers: 2
 Concurrent Refinement Workers: 8
 Periodic GC: Disabled
Heap:
 garbage-first heap   total 193536K, used 124780K [0x0000000080000000, 0x0000000100000000)
  region size 1024K, 29 young (29696K), 1 survivors (1024K)
 Metaspace       used 96649K, committed 97344K, reserved 1179648K
  class space    used 13265K, committed 13632K, reserved 1048576K
GC Heap History (20 events):
Event: 7.962 GC heap before
{Heap before GC invocations=18 (full 0):
 garbage-first heap   total 160768K, used 122778K [0x0000000080000000, 0x0000000100000000)
  region size 1024K, 75 young (76800K), 9 survivors (9216K)
 Metaspace       used 73748K, committed 74368K, reserved 1114112K
  class space    used 9883K, committed 10176K, reserved 1048576K
}
Event: 7.973 GC heap after
{Heap after GC invocations=19 (full 0):
 garbage-first heap   total 160768K, used 58609K [0x0000000080000000, 0x0000000100000000)
  region size 1024K, 4 young (4096K), 4 survivors (4096K)
 Metaspace       used 73748K, committed 74368K, reserved 1114112K
  class space    used 9883K, committed 10176K, reserved 1048576K
}
Event: 9.425 GC heap before
{Heap before GC invocations=19 (full 0):
 garbage-first heap   total 160768K, used 125169K [0x0000000080000000, 0x0000000100000000)
  region size 1024K, 69 young (70656K), 4 survivors (4096K)
 Metaspace       used 78912K, committed 79488K, reserved 1179648K
  class space    used 10780K, committed 11072K, reserved 1048576K
}
Event: 9.434 GC heap after
{Heap after GC invocations=20 (full 0):
 garbage-first heap   total 160768K, used 60673K [0x0000000080000000, 0x0000000100000000)
  region size 1024K, 7 young (7168K), 7 survivors (7168K)
 Metaspace       used 78912K, committed 79488K, reserved 1179648K
  class space    used 10780K, committed 11072K, reserved 1048576K
}
Event: 10.424 GC heap before
{Heap before GC invocations=20 (full 0):
 garbage-first heap   total 160768K, used 127233K [0x0000000080000000, 0x0000000100000000)
  region size 1024K, 72 young (73728K), 7 survivors (7168K)
 Metaspace       used 84324K, committed 84928K, reserved 1179648K
  class space    used 11582K, committed 11904K, reserved 1048576K
}
Event: 10.431 GC heap after
{Heap after GC invocations=21 (full 0):
 garbage-first heap   total 160768K, used 64512K [0x0000000080000000, 0x0000000100000000)
  region size 1024K, 6 young (6144K), 6 survivors (6144K)
 Metaspace       used 84324K, committed 84928K, reserved 1179648K
  class space    used 11582K, committed 11904K, reserved 1048576K
}
Event: 11.128 GC heap before
{Heap before GC invocations=21 (full 0):
 garbage-first heap   total 160768K, used 129024K [0x0000000080000000, 0x0000000100000000)
  region size 1024K, 69 young (70656K), 6 survivors (6144K)
 Metaspace       used 89903K, committed 90560K, reserved 1179648K
  class space    used 12394K, committed 12736K, reserved 1048576K
}
Event: 11.136 GC heap after
{Heap after GC invocations=22 (full 0):
 garbage-first heap   total 160768K, used 69084K [0x0000000080000000, 0x0000000100000000)
  region size 1024K, 8 young (8192K), 8 survivors (8192K)
 Metaspace       used 89903K, committed 90560K, reserved 1179648K
  class space    used 12394K, committed 12736K, reserved 1048576K
}
Event: 11.704 GC heap before
{Heap before GC invocations=22 (full 0):
 garbage-first heap   total 160768K, used 129500K [0x0000000080000000, 0x0000000100000000)
  region size 1024K, 68 young (69632K), 8 survivors (8192K)
 Metaspace       used 91818K, committed 92416K, reserved 1179648K
  class space    used 12700K, committed 12992K, reserved 1048576K
}
Event: 11.713 GC heap after
{Heap after GC invocations=23 (full 0):
 garbage-first heap   total 160768K, used 77199K [0x0000000080000000, 0x0000000100000000)
  region size 1024K, 9 young (9216K), 9 survivors (9216K)
 Metaspace       used 91818K, committed 92416K, reserved 1179648K
  class space    used 12700K, committed 12992K, reserved 1048576K
}
Event: 12.104 GC heap before
{Heap before GC invocations=23 (full 0):
 garbage-first heap   total 160768K, used 127375K [0x0000000080000000, 0x0000000100000000)
  region size 1024K, 59 young (60416K), 9 survivors (9216K)
 Metaspace       used 92958K, committed 93632K, reserved 1179648K
  class space    used 12916K, committed 13248K, reserved 1048576K
}
Event: 12.113 GC heap after
{Heap after GC invocations=24 (full 0):
 garbage-first heap   total 160768K, used 82550K [0x0000000080000000, 0x0000000100000000)
  region size 1024K, 5 young (5120K), 5 survivors (5120K)
 Metaspace       used 92958K, committed 93632K, reserved 1179648K
  class space    used 12916K, committed 13248K, reserved 1048576K
}
Event: 12.282 GC heap before
{Heap before GC invocations=24 (full 0):
 garbage-first heap   total 160768K, used 83574K [0x0000000080000000, 0x0000000100000000)
  region size 1024K, 8 young (8192K), 5 survivors (5120K)
 Metaspace       used 93068K, committed 93696K, reserved 1179648K
  class space    used 12933K, committed 13248K, reserved 1048576K
}
Event: 12.285 GC heap after
{Heap after GC invocations=25 (full 0):
 garbage-first heap   total 193536K, used 84243K [0x0000000080000000, 0x0000000100000000)
  region size 1024K, 2 young (2048K), 2 survivors (2048K)
 Metaspace       used 93068K, committed 93696K, reserved 1179648K
  class space    used 12933K, committed 13248K, reserved 1048576K
}
Event: 12.288 GC heap before
{Heap before GC invocations=25 (full 0):
 garbage-first heap   total 193536K, used 88339K [0x0000000080000000, 0x0000000100000000)
  region size 1024K, 3 young (3072K), 2 survivors (2048K)
 Metaspace       used 93068K, committed 93696K, reserved 1179648K
  class space    used 12933K, committed 13248K, reserved 1048576K
}
Event: 12.290 GC heap after
{Heap after GC invocations=26 (full 0):
 garbage-first heap   total 193536K, used 86583K [0x0000000080000000, 0x0000000100000000)
  region size 1024K, 1 young (1024K), 1 survivors (1024K)
 Metaspace       used 93068K, committed 93696K, reserved 1179648K
  class space    used 12933K, committed 13248K, reserved 1048576K
}
Event: 13.003 GC heap before
{Heap before GC invocations=26 (full 0):
 garbage-first heap   total 193536K, used 131639K [0x0000000080000000, 0x0000000100000000)
  region size 1024K, 46 young (47104K), 1 survivors (1024K)
 Metaspace       used 96444K, committed 97088K, reserved 1179648K
  class space    used 13244K, committed 13568K, reserved 1048576K
}
Event: 13.008 GC heap after
{Heap after GC invocations=27 (full 0):
 garbage-first heap   total 193536K, used 90751K [0x0000000080000000, 0x0000000100000000)
  region size 1024K, 9 young (9216K), 9 survivors (9216K)
 Metaspace       used 96444K, committed 97088K, reserved 1179648K
  class space    used 13244K, committed 13568K, reserved 1048576K
}
Event: 13.009 GC heap before
{Heap before GC invocations=27 (full 0):
 garbage-first heap   total 193536K, used 94847K [0x0000000080000000, 0x0000000100000000)
  region size 1024K, 10 young (10240K), 9 survivors (9216K)
 Metaspace       used 96445K, committed 97088K, reserved 1179648K
  class space    used 13244K, committed 13568K, reserved 1048576K
}
Event: 13.014 GC heap after
{Heap after GC invocations=28 (full 0):
 garbage-first heap   total 193536K, used 92012K [0x0000000080000000, 0x0000000100000000)
  region size 1024K, 1 young (1024K), 1 survivors (1024K)
 Metaspace       used 96445K, committed 97088K, reserved 1179648K
  class space    used 13244K, committed 13568K, reserved 1048576K
}

