# JRE version: OpenJDK Runtime Environment (17.0.7) (build 17.0.7+0-b2043.56-10550314)
# Java VM: OpenJDK 64-Bit Server VM (17.0.7+0-b2043.56-10550314, mixed mode, tiered, compressed oops, compressed class ptrs, g1 gc, windows-amd64)
GC Precious Log:
 CPUs: 8 total, 8 available
 Memory: 7886M
 Large Page Support: Disabled
 NUMA Support: Disabled
 Compressed Oops: Enabled (32-bit)
 Heap Region Size: 1M
 Heap Min Capacity: 8M
 Heap Initial Capacity: 124M
 Heap Max Capacity: 2G
 Pre-touch: Disabled
 Parallel Workers: 8
 Concurrent Workers: 2
 Concurrent Refinement Workers: 8
 Periodic GC: Disabled
Heap:
 garbage-first heap   total 141312K, used 92963K [0x0000000080000000, 0x0000000100000000)
  region size 1024K, 31 young (31744K), 7 survivors (7168K)
 Metaspace       used 90176K, committed 90816K, reserved 1179648K
  class space    used 12422K, committed 12736K, reserved 1048576K
GC Heap History (20 events):
Event: 6.700 GC heap before
{Heap before GC invocations=25 (full 0):
 garbage-first heap   total 109568K, used 55971K [0x0000000080000000, 0x0000000100000000)
  region size 1024K, 8 young (8192K), 4 survivors (4096K)
 Metaspace       used 65043K, committed 65600K, reserved 1114112K
  class space    used 8720K, committed 8960K, reserved 1048576K
}
Event: 6.703 GC heap after
{Heap after GC invocations=26 (full 0):
 garbage-first heap   total 109568K, used 54508K [0x0000000080000000, 0x0000000100000000)
  region size 1024K, 5 young (5120K), 5 survivors (5120K)
 Metaspace       used 65043K, committed 65600K, reserved 1114112K
  class space    used 8720K, committed 8960K, reserved 1048576K
}
Event: 6.903 GC heap before
{Heap before GC invocations=27 (full 0):
 garbage-first heap   total 117760K, used 83180K [0x0000000080000000, 0x0000000100000000)
  region size 1024K, 28 young (28672K), 5 survivors (5120K)
 Metaspace       used 66304K, committed 66880K, reserved 1114112K
  class space    used 8889K, committed 9152K, reserved 1048576K
}
Event: 6.907 GC heap after
{Heap after GC invocations=28 (full 0):
 garbage-first heap   total 117760K, used 54901K [0x0000000080000000, 0x0000000100000000)
  region size 1024K, 3 young (3072K), 3 survivors (3072K)
 Metaspace       used 66304K, committed 66880K, reserved 1114112K
  class space    used 8889K, committed 9152K, reserved 1048576K
}
Event: 7.189 GC heap before
{Heap before GC invocations=28 (full 0):
 garbage-first heap   total 117760K, used 83573K [0x0000000080000000, 0x0000000100000000)
  region size 1024K, 31 young (31744K), 3 survivors (3072K)
 Metaspace       used 68445K, committed 69056K, reserved 1114112K
  class space    used 9184K, committed 9472K, reserved 1048576K
}
Event: 7.191 GC heap after
{Heap after GC invocations=29 (full 0):
 garbage-first heap   total 117760K, used 56177K [0x0000000080000000, 0x0000000100000000)
  region size 1024K, 4 young (4096K), 4 survivors (4096K)
 Metaspace       used 68445K, committed 69056K, reserved 1114112K
  class space    used 9184K, committed 9472K, reserved 1048576K
}
Event: 7.550 GC heap before
{Heap before GC invocations=30 (full 0):
 garbage-first heap   total 117760K, used 86897K [0x0000000080000000, 0x0000000100000000)
  region size 1024K, 34 young (34816K), 4 survivors (4096K)
 Metaspace       used 71891K, committed 72448K, reserved 1114112K
  class space    used 9647K, committed 9920K, reserved 1048576K
}
Event: 7.554 GC heap after
{Heap after GC invocations=31 (full 0):
 garbage-first heap   total 117760K, used 57829K [0x0000000080000000, 0x0000000100000000)
  region size 1024K, 4 young (4096K), 4 survivors (4096K)
 Metaspace       used 71891K, committed 72448K, reserved 1114112K
  class space    used 9647K, committed 9920K, reserved 1048576K
}
Event: 7.845 GC heap before
{Heap before GC invocations=31 (full 0):
 garbage-first heap   total 117760K, used 89573K [0x0000000080000000, 0x0000000100000000)
  region size 1024K, 35 young (35840K), 4 survivors (4096K)
 Metaspace       used 74353K, committed 74944K, reserved 1114112K
  class space    used 9961K, committed 10240K, reserved 1048576K
}
Event: 7.851 GC heap after
{Heap after GC invocations=32 (full 0):
 garbage-first heap   total 117760K, used 59797K [0x0000000080000000, 0x0000000100000000)
  region size 1024K, 4 young (4096K), 4 survivors (4096K)
 Metaspace       used 74353K, committed 74944K, reserved 1114112K
  class space    used 9961K, committed 10240K, reserved 1048576K
}
Event: 8.035 GC heap before
{Heap before GC invocations=33 (full 0):
 garbage-first heap   total 117760K, used 78229K [0x0000000080000000, 0x0000000100000000)
  region size 1024K, 23 young (23552K), 4 survivors (4096K)
 Metaspace       used 75735K, committed 76288K, reserved 1179648K
  class space    used 10164K, committed 10432K, reserved 1048576K
}
Event: 8.040 GC heap after
{Heap after GC invocations=34 (full 0):
 garbage-first heap   total 117760K, used 61074K [0x0000000080000000, 0x0000000100000000)
  region size 1024K, 4 young (4096K), 4 survivors (4096K)
 Metaspace       used 75735K, committed 76288K, reserved 1179648K
  class space    used 10164K, committed 10432K, reserved 1048576K
}
Event: 8.401 GC heap before
{Heap before GC invocations=35 (full 0):
 garbage-first heap   total 117760K, used 92818K [0x0000000080000000, 0x0000000100000000)
  region size 1024K, 34 young (34816K), 4 survivors (4096K)
 Metaspace       used 78193K, committed 78848K, reserved 1179648K
  class space    used 10643K, committed 10944K, reserved 1048576K
}
Event: 8.405 GC heap after
{Heap after GC invocations=36 (full 0):
 garbage-first heap   total 117760K, used 61409K [0x0000000080000000, 0x0000000100000000)
  region size 1024K, 2 young (2048K), 2 survivors (2048K)
 Metaspace       used 78193K, committed 78848K, reserved 1179648K
  class space    used 10643K, committed 10944K, reserved 1048576K
}
Event: 8.727 GC heap before
{Heap before GC invocations=36 (full 0):
 garbage-first heap   total 117760K, used 94177K [0x0000000080000000, 0x0000000100000000)
  region size 1024K, 34 young (34816K), 2 survivors (2048K)
 Metaspace       used 80740K, committed 81408K, reserved 1179648K
  class space    used 11064K, committed 11392K, reserved 1048576K
}
Event: 8.733 GC heap after
{Heap after GC invocations=37 (full 0):
 garbage-first heap   total 141312K, used 62885K [0x0000000080000000, 0x0000000100000000)
  region size 1024K, 3 young (3072K), 3 survivors (3072K)
 Metaspace       used 80740K, committed 81408K, reserved 1179648K
  class space    used 11064K, committed 11392K, reserved 1048576K
}
Event: 9.316 GC heap before
{Heap before GC invocations=38 (full 0):
 garbage-first heap   total 141312K, used 113061K [0x0000000080000000, 0x0000000100000000)
  region size 1024K, 52 young (53248K), 3 survivors (3072K)
 Metaspace       used 84979K, committed 85568K, reserved 1179648K
  class space    used 11696K, committed 12032K, reserved 1048576K
}
Event: 9.323 GC heap after
{Heap after GC invocations=39 (full 0):
 garbage-first heap   total 141312K, used 65918K [0x0000000080000000, 0x0000000100000000)
  region size 1024K, 6 young (6144K), 6 survivors (6144K)
 Metaspace       used 84979K, committed 85568K, reserved 1179648K
  class space    used 11696K, committed 12032K, reserved 1048576K
}
Event: 9.828 GC heap before
{Heap before GC invocations=39 (full 0):
 garbage-first heap   total 141312K, used 114046K [0x0000000080000000, 0x0000000100000000)
  region size 1024K, 53 young (54272K), 6 survivors (6144K)
 Metaspace       used 89338K, committed 89984K, reserved 1179648K
  class space    used 12323K, committed 12672K, reserved 1048576K
}
Event: 9.835 GC heap after
{Heap after GC invocations=40 (full 0):
 garbage-first heap   total 141312K, used 69411K [0x0000000080000000, 0x0000000100000000)
  region size 1024K, 7 young (7168K), 7 survivors (7168K)
 Metaspace       used 89338K, committed 89984K, reserved 1179648K
  class space    used 12323K, committed 12672K, reserved 1048576K
}

