# JRE version: OpenJDK Runtime Environment (17.0.7) (build 17.0.7+0-b2043.56-10550314)
# Java VM: OpenJDK 64-Bit Server VM (17.0.7+0-b2043.56-10550314, mixed mode, tiered, compressed oops, compressed class ptrs, g1 gc, windows-amd64)
GC Precious Log:
 CPUs: 8 total, 8 available
 Memory: 7886M
 Large Page Support: Disabled
 NUMA Support: Disabled
 Compressed Oops: Enabled (32-bit)
 Heap Region Size: 1M
 Heap Min Capacity: 8M
 Heap Initial Capacity: 124M
 Heap Max Capacity: 2G
 Pre-touch: Disabled
 Parallel Workers: 8
 Concurrent Workers: 2
 Concurrent Refinement Workers: 8
 Periodic GC: Disabled
Heap:
 garbage-first heap   total 188416K, used 141007K [0x0000000080000000, 0x0000000100000000)
  region size 1024K, 59 young (60416K), 5 survivors (5120K)
 Metaspace       used 94547K, committed 95232K, reserved 1179648K
  class space    used 13027K, committed 13376K, reserved 1048576K
GC Heap History (20 events):
Event: 11.033 GC heap before
{Heap before GC invocations=26 (full 0):
 garbage-first heap   total 111616K, used 78898K [0x0000000080000000, 0x0000000100000000)
  region size 1024K, 25 young (25600K), 4 survivors (4096K)
 Metaspace       used 65854K, committed 66432K, reserved 1114112K
  class space    used 8839K, committed 9088K, reserved 1048576K
}
Event: 11.055 GC heap after
{Heap after GC invocations=27 (full 0):
 garbage-first heap   total 134144K, used 54682K [0x0000000080000000, 0x0000000100000000)
  region size 1024K, 4 young (4096K), 4 survivors (4096K)
 Metaspace       used 65854K, committed 66432K, reserved 1114112K
  class space    used 8839K, committed 9088K, reserved 1048576K
}
Event: 11.688 GC heap before
{Heap before GC invocations=27 (full 0):
 garbage-first heap   total 134144K, used 95642K [0x0000000080000000, 0x0000000100000000)
  region size 1024K, 44 young (45056K), 4 survivors (4096K)
 Metaspace       used 69032K, committed 69632K, reserved 1114112K
  class space    used 9235K, committed 9536K, reserved 1048576K
}
Event: 11.692 GC heap after
{Heap after GC invocations=28 (full 0):
 garbage-first heap   total 134144K, used 57102K [0x0000000080000000, 0x0000000100000000)
  region size 1024K, 6 young (6144K), 6 survivors (6144K)
 Metaspace       used 69032K, committed 69632K, reserved 1114112K
  class space    used 9235K, committed 9536K, reserved 1048576K
}
Event: 12.215 GC heap before
{Heap before GC invocations=28 (full 0):
 garbage-first heap   total 134144K, used 97038K [0x0000000080000000, 0x0000000100000000)
  region size 1024K, 46 young (47104K), 6 survivors (6144K)
 Metaspace       used 73672K, committed 74304K, reserved 1114112K
  class space    used 9878K, committed 10176K, reserved 1048576K
}
Event: 12.219 GC heap after
{Heap after GC invocations=29 (full 0):
 garbage-first heap   total 134144K, used 59883K [0x0000000080000000, 0x0000000100000000)
  region size 1024K, 6 young (6144K), 6 survivors (6144K)
 Metaspace       used 73672K, committed 74304K, reserved 1114112K
  class space    used 9878K, committed 10176K, reserved 1048576K
}
Event: 12.736 GC heap before
{Heap before GC invocations=29 (full 0):
 garbage-first heap   total 134144K, used 100843K [0x0000000080000000, 0x0000000100000000)
  region size 1024K, 46 young (47104K), 6 survivors (6144K)
 Metaspace       used 76267K, committed 76864K, reserved 1179648K
  class space    used 10223K, committed 10496K, reserved 1048576K
}
Event: 12.742 GC heap after
{Heap after GC invocations=30 (full 0):
 garbage-first heap   total 134144K, used 62513K [0x0000000080000000, 0x0000000100000000)
  region size 1024K, 6 young (6144K), 6 survivors (6144K)
 Metaspace       used 76267K, committed 76864K, reserved 1179648K
  class space    used 10223K, committed 10496K, reserved 1048576K
}
Event: 13.408 GC heap before
{Heap before GC invocations=30 (full 0):
 garbage-first heap   total 134144K, used 103473K [0x0000000080000000, 0x0000000100000000)
  region size 1024K, 46 young (47104K), 6 survivors (6144K)
 Metaspace       used 79552K, committed 80192K, reserved 1179648K
  class space    used 10898K, committed 11200K, reserved 1048576K
}
Event: 13.412 GC heap after
{Heap after GC invocations=31 (full 0):
 garbage-first heap   total 134144K, used 62997K [0x0000000080000000, 0x0000000100000000)
  region size 1024K, 4 young (4096K), 4 survivors (4096K)
 Metaspace       used 79552K, committed 80192K, reserved 1179648K
  class space    used 10898K, committed 11200K, reserved 1048576K
}
Event: 14.016 GC heap before
{Heap before GC invocations=31 (full 0):
 garbage-first heap   total 134144K, used 103957K [0x0000000080000000, 0x0000000100000000)
  region size 1024K, 44 young (45056K), 4 survivors (4096K)
 Metaspace       used 83145K, committed 83776K, reserved 1179648K
  class space    used 11409K, committed 11712K, reserved 1048576K
}
Event: 14.020 GC heap after
{Heap after GC invocations=32 (full 0):
 garbage-first heap   total 134144K, used 65219K [0x0000000080000000, 0x0000000100000000)
  region size 1024K, 6 young (6144K), 6 survivors (6144K)
 Metaspace       used 83145K, committed 83776K, reserved 1179648K
  class space    used 11409K, committed 11712K, reserved 1048576K
}
Event: 14.566 GC heap before
{Heap before GC invocations=33 (full 0):
 garbage-first heap   total 134144K, used 106179K [0x0000000080000000, 0x0000000100000000)
  region size 1024K, 46 young (47104K), 6 survivors (6144K)
 Metaspace       used 86422K, committed 87040K, reserved 1179648K
  class space    used 11939K, committed 12224K, reserved 1048576K
}
Event: 14.572 GC heap after
{Heap after GC invocations=34 (full 0):
 garbage-first heap   total 134144K, used 67146K [0x0000000080000000, 0x0000000100000000)
  region size 1024K, 5 young (5120K), 5 survivors (5120K)
 Metaspace       used 86422K, committed 87040K, reserved 1179648K
  class space    used 11939K, committed 12224K, reserved 1048576K
}
Event: 15.100 GC heap before
{Heap before GC invocations=34 (full 0):
 garbage-first heap   total 134144K, used 108106K [0x0000000080000000, 0x0000000100000000)
  region size 1024K, 45 young (46080K), 5 survivors (5120K)
 Metaspace       used 89816K, committed 90496K, reserved 1179648K
  class space    used 12391K, committed 12736K, reserved 1048576K
}
Event: 15.105 GC heap after
{Heap after GC invocations=35 (full 0):
 garbage-first heap   total 134144K, used 70340K [0x0000000080000000, 0x0000000100000000)
  region size 1024K, 6 young (6144K), 6 survivors (6144K)
 Metaspace       used 89816K, committed 90496K, reserved 1179648K
  class space    used 12391K, committed 12736K, reserved 1048576K
}
Event: 15.373 GC heap before
{Heap before GC invocations=36 (full 0):
 garbage-first heap   total 134144K, used 108228K [0x0000000080000000, 0x0000000100000000)
  region size 1024K, 43 young (44032K), 6 survivors (6144K)
 Metaspace       used 90214K, committed 90880K, reserved 1179648K
  class space    used 12425K, committed 12736K, reserved 1048576K
}
Event: 15.380 GC heap after
{Heap after GC invocations=37 (full 0):
 garbage-first heap   total 134144K, used 76127K [0x0000000080000000, 0x0000000100000000)
  region size 1024K, 6 young (6144K), 6 survivors (6144K)
 Metaspace       used 90214K, committed 90880K, reserved 1179648K
  class space    used 12425K, committed 12736K, reserved 1048576K
}
Event: 15.861 GC heap before
{Heap before GC invocations=37 (full 0):
 garbage-first heap   total 134144K, used 107871K [0x0000000080000000, 0x0000000100000000)
  region size 1024K, 37 young (37888K), 6 survivors (6144K)
 Metaspace       used 92244K, committed 92928K, reserved 1179648K
  class space    used 12799K, committed 13120K, reserved 1048576K
}
Event: 15.868 GC heap after
{Heap after GC invocations=38 (full 0):
 garbage-first heap   total 188416K, used 80591K [0x0000000080000000, 0x0000000100000000)
  region size 1024K, 5 young (5120K), 5 survivors (5120K)
 Metaspace       used 92244K, committed 92928K, reserved 1179648K
  class space    used 12799K, committed 13120K, reserved 1048576K
}

