# JRE version: OpenJDK Runtime Environment (17.0.7) (build 17.0.7+0-b2043.56-10550314)
# Java VM: OpenJDK 64-Bit Server VM (17.0.7+0-b2043.56-10550314, mixed mode, tiered, compressed oops, compressed class ptrs, g1 gc, windows-amd64)
GC Precious Log:
 CPUs: 8 total, 8 available
 Memory: 7886M
 Large Page Support: Disabled
 NUMA Support: Disabled
 Compressed Oops: Enabled (32-bit)
 Heap Region Size: 1M
 Heap Min Capacity: 8M
 Heap Initial Capacity: 124M
 Heap Max Capacity: 2G
 Pre-touch: Disabled
 Parallel Workers: 8
 Concurrent Workers: 2
 Concurrent Refinement Workers: 8
 Periodic GC: Disabled
Heap:
 garbage-first heap   total 218112K, used 99126K [0x0000000080000000, 0x0000000100000000)
  region size 1024K, 12 young (12288K), 2 survivors (2048K)
 Metaspace       used 96273K, committed 97024K, reserved 1179648K
  class space    used 13300K, committed 13696K, reserved 1048576K
GC Heap History (20 events):
Event: 32.460 GC heap before
{Heap before GC invocations=26 (full 0):
 garbage-first heap   total 120832K, used 60257K [0x0000000080000000, 0x0000000100000000)
  region size 1024K, 7 young (7168K), 6 survivors (6144K)
 Metaspace       used 65812K, committed 66496K, reserved 1114112K
  class space    used 8824K, committed 9152K, reserved 1048576K
}
Event: 32.464 GC heap after
{Heap after GC invocations=27 (full 0):
 garbage-first heap   total 120832K, used 59870K [0x0000000080000000, 0x0000000100000000)
  region size 1024K, 1 young (1024K), 1 survivors (1024K)
 Metaspace       used 65812K, committed 66496K, reserved 1114112K
  class space    used 8824K, committed 9152K, reserved 1048576K
}
Event: 32.741 GC heap before
{Heap before GC invocations=28 (full 0):
 garbage-first heap   total 120832K, used 89566K [0x0000000080000000, 0x0000000100000000)
  region size 1024K, 29 young (29696K), 1 survivors (1024K)
 Metaspace       used 67846K, committed 68480K, reserved 1114112K
  class space    used 9103K, committed 9408K, reserved 1048576K
}
Event: 32.745 GC heap after
{Heap after GC invocations=29 (full 0):
 garbage-first heap   total 120832K, used 62086K [0x0000000080000000, 0x0000000100000000)
  region size 1024K, 3 young (3072K), 3 survivors (3072K)
 Metaspace       used 67846K, committed 68480K, reserved 1114112K
  class space    used 9103K, committed 9408K, reserved 1048576K
}
Event: 32.764 GC heap before
{Heap before GC invocations=29 (full 0):
 garbage-first heap   total 120832K, used 64134K [0x0000000080000000, 0x0000000100000000)
  region size 1024K, 5 young (5120K), 3 survivors (3072K)
 Metaspace       used 67983K, committed 68672K, reserved 1114112K
  class space    used 9124K, committed 9472K, reserved 1048576K
}
Event: 32.769 GC heap after
{Heap after GC invocations=30 (full 0):
 garbage-first heap   total 218112K, used 62180K [0x0000000080000000, 0x0000000100000000)
  region size 1024K, 1 young (1024K), 1 survivors (1024K)
 Metaspace       used 67983K, committed 68672K, reserved 1114112K
  class space    used 9124K, committed 9472K, reserved 1048576K
}
Event: 33.723 GC heap before
{Heap before GC invocations=30 (full 0):
 garbage-first heap   total 218112K, used 145124K [0x0000000080000000, 0x0000000100000000)
  region size 1024K, 82 young (83968K), 1 survivors (1024K)
 Metaspace       used 75296K, committed 75904K, reserved 1179648K
  class space    used 10091K, committed 10368K, reserved 1048576K
}
Event: 33.730 GC heap after
{Heap after GC invocations=31 (full 0):
 garbage-first heap   total 218112K, used 66479K [0x0000000080000000, 0x0000000100000000)
  region size 1024K, 5 young (5120K), 5 survivors (5120K)
 Metaspace       used 75296K, committed 75904K, reserved 1179648K
  class space    used 10091K, committed 10368K, reserved 1048576K
}
Event: 33.891 GC heap before
{Heap before GC invocations=31 (full 0):
 garbage-first heap   total 218112K, used 82863K [0x0000000080000000, 0x0000000100000000)
  region size 1024K, 22 young (22528K), 5 survivors (5120K)
 Metaspace       used 76436K, committed 77056K, reserved 1179648K
  class space    used 10263K, committed 10560K, reserved 1048576K
}
Event: 33.900 GC heap after
{Heap after GC invocations=32 (full 0):
 garbage-first heap   total 218112K, used 67612K [0x0000000080000000, 0x0000000100000000)
  region size 1024K, 6 young (6144K), 6 survivors (6144K)
 Metaspace       used 76436K, committed 77056K, reserved 1179648K
  class space    used 10263K, committed 10560K, reserved 1048576K
}
Event: 35.486 GC heap before
{Heap before GC invocations=33 (full 0):
 garbage-first heap   total 218112K, used 165916K [0x0000000080000000, 0x0000000100000000)
  region size 1024K, 105 young (107520K), 6 survivors (6144K)
 Metaspace       used 84560K, committed 85248K, reserved 1179648K
  class space    used 11623K, committed 11968K, reserved 1048576K
}
Event: 35.493 GC heap after
{Heap after GC invocations=34 (full 0):
 garbage-first heap   total 218112K, used 67914K [0x0000000080000000, 0x0000000100000000)
  region size 1024K, 10 young (10240K), 10 survivors (10240K)
 Metaspace       used 84560K, committed 85248K, reserved 1179648K
  class space    used 11623K, committed 11968K, reserved 1048576K
}
Event: 35.503 GC heap before
{Heap before GC invocations=34 (full 0):
 garbage-first heap   total 218112K, used 68938K [0x0000000080000000, 0x0000000100000000)
  region size 1024K, 11 young (11264K), 10 survivors (10240K)
 Metaspace       used 84609K, committed 85312K, reserved 1179648K
  class space    used 11631K, committed 11968K, reserved 1048576K
}
Event: 35.509 GC heap after
{Heap after GC invocations=35 (full 0):
 garbage-first heap   total 218112K, used 68298K [0x0000000080000000, 0x0000000100000000)
  region size 1024K, 2 young (2048K), 2 survivors (2048K)
 Metaspace       used 84609K, committed 85312K, reserved 1179648K
  class space    used 11631K, committed 11968K, reserved 1048576K
}
Event: 36.481 GC heap before
{Heap before GC invocations=35 (full 0):
 garbage-first heap   total 218112K, used 172746K [0x0000000080000000, 0x0000000100000000)
  region size 1024K, 104 young (106496K), 2 survivors (2048K)
 Metaspace       used 90836K, committed 91520K, reserved 1179648K
  class space    used 12518K, committed 12864K, reserved 1048576K
}
Event: 36.492 GC heap after
{Heap after GC invocations=36 (full 0):
 garbage-first heap   total 218112K, used 77058K [0x0000000080000000, 0x0000000100000000)
  region size 1024K, 11 young (11264K), 11 survivors (11264K)
 Metaspace       used 90836K, committed 91520K, reserved 1179648K
  class space    used 12518K, committed 12864K, reserved 1048576K
}
Event: 37.708 GC heap before
{Heap before GC invocations=37 (full 0):
 garbage-first heap   total 218112K, used 177410K [0x0000000080000000, 0x0000000100000000)
  region size 1024K, 103 young (105472K), 11 survivors (11264K)
 Metaspace       used 95544K, committed 96256K, reserved 1179648K
  class space    used 13207K, committed 13568K, reserved 1048576K
}
Event: 37.721 GC heap after
{Heap after GC invocations=38 (full 0):
 garbage-first heap   total 218112K, used 88774K [0x0000000080000000, 0x0000000100000000)
  region size 1024K, 10 young (10240K), 10 survivors (10240K)
 Metaspace       used 95544K, committed 96256K, reserved 1179648K
  class space    used 13207K, committed 13568K, reserved 1048576K
}
Event: 37.730 GC heap before
{Heap before GC invocations=38 (full 0):
 garbage-first heap   total 218112K, used 89798K [0x0000000080000000, 0x0000000100000000)
  region size 1024K, 11 young (11264K), 10 survivors (10240K)
 Metaspace       used 95544K, committed 96256K, reserved 1179648K
  class space    used 13207K, committed 13568K, reserved 1048576K
}
Event: 37.739 GC heap after
{Heap after GC invocations=39 (full 0):
 garbage-first heap   total 218112K, used 89910K [0x0000000080000000, 0x0000000100000000)
  region size 1024K, 2 young (2048K), 2 survivors (2048K)
 Metaspace       used 95544K, committed 96256K, reserved 1179648K
  class space    used 13207K, committed 13568K, reserved 1048576K
}

