# JRE version: OpenJDK Runtime Environment (17.0.7) (build 17.0.7+0-b2043.56-10550314)
# Java VM: OpenJDK 64-Bit Server VM (17.0.7+0-b2043.56-10550314, mixed mode, tiered, compressed oops, compressed class ptrs, g1 gc, windows-amd64)
GC Precious Log:
 CPUs: 8 total, 8 available
 Memory: 7886M
 Large Page Support: Disabled
 NUMA Support: Disabled
 Compressed Oops: Enabled (32-bit)
 Heap Region Size: 1M
 Heap Min Capacity: 8M
 Heap Initial Capacity: 124M
 Heap Max Capacity: 2G
 Pre-touch: Disabled
 Parallel Workers: 8
 Concurrent Workers: 2
 Concurrent Refinement Workers: 8
 Periodic GC: Disabled
Heap:
 garbage-first heap   total 135168K, used 79232K [0x0000000080000000, 0x0000000100000000)
  region size 1024K, 1 young (1024K), 1 survivors (1024K)
 Metaspace       used 91216K, committed 91904K, reserved 1179648K
  class space    used 12643K, committed 12992K, reserved 1048576K
GC Heap History (20 events):
Event: 6.118 GC heap after
{Heap after GC invocations=22 (full 0):
 garbage-first heap   total 112640K, used 54995K [0x0000000080000000, 0x0000000100000000)
  region size 1024K, 4 young (4096K), 4 survivors (4096K)
 Metaspace       used 66030K, committed 66560K, reserved 1114112K
  class space    used 8858K, committed 9088K, reserved 1048576K
}
Event: 6.419 GC heap before
{Heap before GC invocations=22 (full 0):
 garbage-first heap   total 112640K, used 83667K [0x0000000080000000, 0x0000000100000000)
  region size 1024K, 32 young (32768K), 4 survivors (4096K)
 Metaspace       used 68193K, committed 68672K, reserved 1114112K
  class space    used 9151K, committed 9408K, reserved 1048576K
}
Event: 6.422 GC heap after
{Heap after GC invocations=23 (full 0):
 garbage-first heap   total 112640K, used 57257K [0x0000000080000000, 0x0000000100000000)
  region size 1024K, 2 young (2048K), 2 survivors (2048K)
 Metaspace       used 68193K, committed 68672K, reserved 1114112K
  class space    used 9151K, committed 9408K, reserved 1048576K
}
Event: 6.676 GC heap before
{Heap before GC invocations=24 (full 0):
 garbage-first heap   total 112640K, used 86953K [0x0000000080000000, 0x0000000100000000)
  region size 1024K, 31 young (31744K), 2 survivors (2048K)
 Metaspace       used 71463K, committed 72064K, reserved 1114112K
  class space    used 9602K, committed 9920K, reserved 1048576K
}
Event: 6.681 GC heap after
{Heap after GC invocations=25 (full 0):
 garbage-first heap   total 112640K, used 58176K [0x0000000080000000, 0x0000000100000000)
  region size 1024K, 3 young (3072K), 3 survivors (3072K)
 Metaspace       used 71463K, committed 72064K, reserved 1114112K
  class space    used 9602K, committed 9920K, reserved 1048576K
}
Event: 6.955 GC heap before
{Heap before GC invocations=25 (full 0):
 garbage-first heap   total 112640K, used 87872K [0x0000000080000000, 0x0000000100000000)
  region size 1024K, 32 young (32768K), 3 survivors (3072K)
 Metaspace       used 73821K, committed 74368K, reserved 1114112K
  class space    used 9894K, committed 10176K, reserved 1048576K
}
Event: 6.959 GC heap after
{Heap after GC invocations=26 (full 0):
 garbage-first heap   total 135168K, used 60589K [0x0000000080000000, 0x0000000100000000)
  region size 1024K, 4 young (4096K), 4 survivors (4096K)
 Metaspace       used 73821K, committed 74368K, reserved 1114112K
  class space    used 9894K, committed 10176K, reserved 1048576K
}
Event: 7.293 GC heap before
{Heap before GC invocations=27 (full 0):
 garbage-first heap   total 135168K, used 103597K [0x0000000080000000, 0x0000000100000000)
  region size 1024K, 45 young (46080K), 4 survivors (4096K)
 Metaspace       used 76980K, committed 77568K, reserved 1179648K
  class space    used 10373K, committed 10688K, reserved 1048576K
}
Event: 7.301 GC heap after
{Heap after GC invocations=28 (full 0):
 garbage-first heap   total 135168K, used 61839K [0x0000000080000000, 0x0000000100000000)
  region size 1024K, 4 young (4096K), 4 survivors (4096K)
 Metaspace       used 76980K, committed 77568K, reserved 1179648K
  class space    used 10373K, committed 10688K, reserved 1048576K
}
Event: 7.675 GC heap before
{Heap before GC invocations=28 (full 0):
 garbage-first heap   total 135168K, used 104847K [0x0000000080000000, 0x0000000100000000)
  region size 1024K, 46 young (47104K), 4 survivors (4096K)
 Metaspace       used 80423K, committed 81024K, reserved 1179648K
  class space    used 11013K, committed 11328K, reserved 1048576K
}
Event: 7.681 GC heap after
{Heap after GC invocations=29 (full 0):
 garbage-first heap   total 135168K, used 63629K [0x0000000080000000, 0x0000000100000000)
  region size 1024K, 4 young (4096K), 4 survivors (4096K)
 Metaspace       used 80423K, committed 81024K, reserved 1179648K
  class space    used 11013K, committed 11328K, reserved 1048576K
}
Event: 8.112 GC heap before
{Heap before GC invocations=29 (full 0):
 garbage-first heap   total 135168K, used 106637K [0x0000000080000000, 0x0000000100000000)
  region size 1024K, 46 young (47104K), 4 survivors (4096K)
 Metaspace       used 83941K, committed 84608K, reserved 1179648K
  class space    used 11533K, committed 11840K, reserved 1048576K
}
Event: 8.117 GC heap after
{Heap after GC invocations=30 (full 0):
 garbage-first heap   total 135168K, used 66242K [0x0000000080000000, 0x0000000100000000)
  region size 1024K, 6 young (6144K), 6 survivors (6144K)
 Metaspace       used 83941K, committed 84608K, reserved 1179648K
  class space    used 11533K, committed 11840K, reserved 1048576K
}
Event: 8.534 GC heap before
{Heap before GC invocations=31 (full 0):
 garbage-first heap   total 135168K, used 108226K [0x0000000080000000, 0x0000000100000000)
  region size 1024K, 47 young (48128K), 6 survivors (6144K)
 Metaspace       used 88371K, committed 89024K, reserved 1179648K
  class space    used 12178K, committed 12480K, reserved 1048576K
}
Event: 8.539 GC heap after
{Heap after GC invocations=32 (full 0):
 garbage-first heap   total 135168K, used 68557K [0x0000000080000000, 0x0000000100000000)
  region size 1024K, 5 young (5120K), 5 survivors (5120K)
 Metaspace       used 88371K, committed 89024K, reserved 1179648K
  class space    used 12178K, committed 12480K, reserved 1048576K
}
Event: 8.875 GC heap before
{Heap before GC invocations=32 (full 0):
 garbage-first heap   total 135168K, used 110541K [0x0000000080000000, 0x0000000100000000)
  region size 1024K, 46 young (47104K), 5 survivors (5120K)
 Metaspace       used 90092K, committed 90752K, reserved 1179648K
  class space    used 12413K, committed 12736K, reserved 1048576K
}
Event: 8.883 GC heap after
{Heap after GC invocations=33 (full 0):
 garbage-first heap   total 135168K, used 72917K [0x0000000080000000, 0x0000000100000000)
  region size 1024K, 6 young (6144K), 6 survivors (6144K)
 Metaspace       used 90092K, committed 90752K, reserved 1179648K
  class space    used 12413K, committed 12736K, reserved 1048576K
}
Event: 9.193 GC heap before
{Heap before GC invocations=34 (full 0):
 garbage-first heap   total 135168K, used 109781K [0x0000000080000000, 0x0000000100000000)
  region size 1024K, 42 young (43008K), 6 survivors (6144K)
 Metaspace       used 91101K, committed 91776K, reserved 1179648K
  class space    used 12611K, committed 12928K, reserved 1048576K
}
Event: 9.200 GC heap after
{Heap after GC invocations=35 (full 0):
 garbage-first heap   total 135168K, used 78751K [0x0000000080000000, 0x0000000100000000)
  region size 1024K, 6 young (6144K), 6 survivors (6144K)
 Metaspace       used 91101K, committed 91776K, reserved 1179648K
  class space    used 12611K, committed 12928K, reserved 1048576K
}
Event: 9.210 GC heap before
{Heap before GC invocations=35 (full 0):
 garbage-first heap   total 135168K, used 78751K [0x0000000080000000, 0x0000000100000000)
  region size 1024K, 7 young (7168K), 6 survivors (6144K)
 Metaspace       used 91216K, committed 91904K, reserved 1179648K
  class space    used 12643K, committed 12992K, reserved 1048576K
}

