# JRE version: OpenJDK Runtime Environment (17.0.7) (build 17.0.7+0-b2043.56-10550314)
# Java VM: OpenJDK 64-Bit Server VM (17.0.7+0-b2043.56-10550314, mixed mode, tiered, compressed oops, compressed class ptrs, g1 gc, windows-amd64)
GC Precious Log:
 CPUs: 8 total, 8 available
 Memory: 7886M
 Large Page Support: Disabled
 NUMA Support: Disabled
 Compressed Oops: Enabled (32-bit)
 Heap Region Size: 1M
 Heap Min Capacity: 8M
 Heap Initial Capacity: 124M
 Heap Max Capacity: 2G
 Pre-touch: Disabled
 Parallel Workers: 8
 Concurrent Workers: 2
 Concurrent Refinement Workers: 8
 Periodic GC: Disabled
Heap:
 garbage-first heap   total 191488K, used 115644K [0x0000000080000000, 0x0000000100000000)
  region size 1024K, 6 young (6144K), 6 survivors (6144K)
 Metaspace       used 99334K, committed 100096K, reserved 1179648K
  class space    used 13613K, committed 14016K, reserved 1048576K
GC Heap History (20 events):
Event: 9.010 GC heap after
{Heap after GC invocations=29 (full 0):
 garbage-first heap   total 134144K, used 66563K [0x0000000080000000, 0x0000000100000000)
  region size 1024K, 5 young (5120K), 5 survivors (5120K)
 Metaspace       used 85377K, committed 85952K, reserved 1179648K
  class space    used 11751K, committed 12032K, reserved 1048576K
}
Event: 9.463 GC heap before
{Heap before GC invocations=30 (full 0):
 garbage-first heap   total 134144K, used 108547K [0x0000000080000000, 0x0000000100000000)
  region size 1024K, 46 young (47104K), 5 survivors (5120K)
 Metaspace       used 89211K, committed 89920K, reserved 1179648K
  class space    used 12311K, committed 12672K, reserved 1048576K
}
Event: 9.469 GC heap after
{Heap after GC invocations=31 (full 0):
 garbage-first heap   total 134144K, used 69171K [0x0000000080000000, 0x0000000100000000)
  region size 1024K, 6 young (6144K), 6 survivors (6144K)
 Metaspace       used 89211K, committed 89920K, reserved 1179648K
  class space    used 12311K, committed 12672K, reserved 1048576K
}
Event: 9.750 GC heap before
{Heap before GC invocations=31 (full 0):
 garbage-first heap   total 134144K, used 109107K [0x0000000080000000, 0x0000000100000000)
  region size 1024K, 45 young (46080K), 6 survivors (6144K)
 Metaspace       used 90130K, committed 90752K, reserved 1179648K
  class space    used 12420K, committed 12736K, reserved 1048576K
}
Event: 9.758 GC heap after
{Heap after GC invocations=32 (full 0):
 garbage-first heap   total 134144K, used 74565K [0x0000000080000000, 0x0000000100000000)
  region size 1024K, 6 young (6144K), 6 survivors (6144K)
 Metaspace       used 90130K, committed 90752K, reserved 1179648K
  class space    used 12420K, committed 12736K, reserved 1048576K
}
Event: 10.126 GC heap before
{Heap before GC invocations=33 (full 0):
 garbage-first heap   total 140288K, used 108357K [0x0000000080000000, 0x0000000100000000)
  region size 1024K, 39 young (39936K), 6 survivors (6144K)
 Metaspace       used 91838K, committed 92544K, reserved 1179648K
  class space    used 12707K, committed 13056K, reserved 1048576K
}
Event: 10.135 GC heap after
{Heap after GC invocations=34 (full 0):
 garbage-first heap   total 140288K, used 80001K [0x0000000080000000, 0x0000000100000000)
  region size 1024K, 5 young (5120K), 5 survivors (5120K)
 Metaspace       used 91838K, committed 92544K, reserved 1179648K
  class space    used 12707K, committed 13056K, reserved 1048576K
}
Event: 10.314 GC heap before
{Heap before GC invocations=34 (full 0):
 garbage-first heap   total 140288K, used 112769K [0x0000000080000000, 0x0000000100000000)
  region size 1024K, 38 young (38912K), 5 survivors (5120K)
 Metaspace       used 92297K, committed 93056K, reserved 1179648K
  class space    used 12813K, committed 13184K, reserved 1048576K
}
Event: 10.321 GC heap after
{Heap after GC invocations=35 (full 0):
 garbage-first heap   total 168960K, used 82336K [0x0000000080000000, 0x0000000100000000)
  region size 1024K, 3 young (3072K), 3 survivors (3072K)
 Metaspace       used 92297K, committed 93056K, reserved 1179648K
  class space    used 12813K, committed 13184K, reserved 1048576K
}
Event: 10.907 GC heap before
{Heap before GC invocations=36 (full 0):
 garbage-first heap   total 168960K, used 141728K [0x0000000080000000, 0x0000000100000000)
  region size 1024K, 55 young (56320K), 3 survivors (3072K)
 Metaspace       used 95826K, committed 96448K, reserved 1179648K
  class space    used 13209K, committed 13504K, reserved 1048576K
}
Event: 10.924 GC heap after
{Heap after GC invocations=37 (full 0):
 garbage-first heap   total 168960K, used 100175K [0x0000000080000000, 0x0000000100000000)
  region size 1024K, 7 young (7168K), 7 survivors (7168K)
 Metaspace       used 95826K, committed 96448K, reserved 1179648K
  class space    used 13209K, committed 13504K, reserved 1048576K
}
Event: 10.949 GC heap before
{Heap before GC invocations=37 (full 0):
 garbage-first heap   total 168960K, used 101199K [0x0000000080000000, 0x0000000100000000)
  region size 1024K, 8 young (8192K), 7 survivors (7168K)
 Metaspace       used 95833K, committed 96448K, reserved 1179648K
  class space    used 13210K, committed 13504K, reserved 1048576K
}
Event: 10.958 GC heap after
{Heap after GC invocations=38 (full 0):
 garbage-first heap   total 168960K, used 101916K [0x0000000080000000, 0x0000000100000000)
  region size 1024K, 1 young (1024K), 1 survivors (1024K)
 Metaspace       used 95833K, committed 96448K, reserved 1179648K
  class space    used 13210K, committed 13504K, reserved 1048576K
}
Event: 11.162 GC heap before
{Heap before GC invocations=38 (full 0):
 garbage-first heap   total 168960K, used 118300K [0x0000000080000000, 0x0000000100000000)
  region size 1024K, 19 young (19456K), 1 survivors (1024K)
 Metaspace       used 96527K, committed 97216K, reserved 1179648K
  class space    used 13282K, committed 13632K, reserved 1048576K
}
Event: 11.166 GC heap after
{Heap after GC invocations=39 (full 0):
 garbage-first heap   total 168960K, used 106496K [0x0000000080000000, 0x0000000100000000)
  region size 1024K, 4 young (4096K), 4 survivors (4096K)
 Metaspace       used 96527K, committed 97216K, reserved 1179648K
  class space    used 13282K, committed 13632K, reserved 1048576K
}
Event: 11.411 GC heap before
{Heap before GC invocations=40 (full 0):
 garbage-first heap   total 191488K, used 138240K [0x0000000080000000, 0x0000000100000000)
  region size 1024K, 27 young (27648K), 4 survivors (4096K)
 Metaspace       used 96731K, committed 97408K, reserved 1179648K
  class space    used 13307K, committed 13696K, reserved 1048576K
}
Event: 11.416 GC heap after
{Heap after GC invocations=41 (full 0):
 garbage-first heap   total 191488K, used 108986K [0x0000000080000000, 0x0000000100000000)
  region size 1024K, 3 young (3072K), 3 survivors (3072K)
 Metaspace       used 96731K, committed 97408K, reserved 1179648K
  class space    used 13307K, committed 13696K, reserved 1048576K
}
Event: 11.530 GC heap before
{Heap before GC invocations=41 (full 0):
 garbage-first heap   total 191488K, used 114106K [0x0000000080000000, 0x0000000100000000)
  region size 1024K, 9 young (9216K), 3 survivors (3072K)
 Metaspace       used 98022K, committed 98752K, reserved 1179648K
  class space    used 13451K, committed 13824K, reserved 1048576K
}
Event: 11.533 GC heap after
{Heap after GC invocations=42 (full 0):
 garbage-first heap   total 191488K, used 109311K [0x0000000080000000, 0x0000000100000000)
  region size 1024K, 1 young (1024K), 1 survivors (1024K)
 Metaspace       used 98022K, committed 98752K, reserved 1179648K
  class space    used 13451K, committed 13824K, reserved 1048576K
}
Event: 11.782 GC heap before
{Heap before GC invocations=42 (full 0):
 garbage-first heap   total 191488K, used 132863K [0x0000000080000000, 0x0000000100000000)
  region size 1024K, 25 young (25600K), 1 survivors (1024K)
 Metaspace       used 99334K, committed 100096K, reserved 1179648K
  class space    used 13613K, committed 14016K, reserved 1048576K
}

